[?1h=Warning: No window system found.  Java option 'MWT' ignored

                                  < M A T L A B (R) >
                        Copyright 1984-2010 The MathWorks, Inc.
                      Version 7.11.0.584 (R2010b) 64-bit (maci64)
                                    August 16, 2010

 
  To get started, type one of these: helpwin, helpdesk, or demo.
  For product information, visit www.mathworks.com.
 
[H[2J
t_vec =

    0.0200


ans =

UNSTABLE:     t =0.02     Iter =1


ans =

UNSTABLE:     t =0.02     Iter =2


ans =

UNSTABLE:     t =0.02     Iter =3


ans =

UNSTABLE:     t =0.02     Iter =4


ans =

UNSTABLE:     t =0.02     Iter =5


ans =

SDP:     t =0.02     Iter =0


ans =

SDP:     t =0.02     Iter =1


ans =

    0.0131
   -0.0016
   -0.0016
   -0.0010
   -0.0010
   -0.0008
   -0.0008
   -0.0016
   -0.0006
   -0.0009


ans =

    0.0121
   -0.0016
   -0.0016
   -0.0009
   -0.0009
   -0.0018
   -0.0018
   -0.0009
   -0.0012
   -0.0015


ans =

SDP:     t =0.02     Iter =2


ans =

    0.0126
   -0.0012
   -0.0012
   -0.0017
   -0.0017
   -0.0008
   -0.0008
   -0.0017
   -0.0006
   -0.0009


ans =

    0.0117
   -0.0012
   -0.0012
   -0.0013
   -0.0013
   -0.0016
   -0.0016
   -0.0009
   -0.0009
   -0.0016


ans =

SDP:     t =0.02     Iter =3


ans =

    0.0085
   -0.0015
   -0.0015
   -0.0015
   -0.0015
   -0.0015
   -0.0002
   -0.0007
   -0.0007
   -0.0006


ans =

    0.0043
   -0.0017
   -0.0017
   -0.0009
   -0.0009
   -0.0017
    0.0008
    0.0008
   -0.0001
   -0.0001


ans =

SDP:     t =0.02     Iter =4


ans =

    0.0117
   -0.0014
   -0.0014
   -0.0016
   -0.0016
   -0.0017
   -0.0007
   -0.0007
   -0.0007
   -0.0007


ans =

    0.0108
   -0.0019
   -0.0019
   -0.0012
   -0.0012
   -0.0008
   -0.0008
   -0.0014
   -0.0014
   -0.0014


ans =

SDP:     t =0.02     Iter =5


ans =

    0.0062
   -0.0014
   -0.0014
   -0.0014
   -0.0014
   -0.0014
   -0.0014
   -0.0010
   -0.0010
   -0.0009


ans =

         0
         0
         0
         0
         0
   -0.0010
   -0.0010
    0.0011
   -0.0005
   -0.0005


ans =

SDP:     t =0.02     Iter =6


ans =

    0.0076
   -0.0014
   -0.0014
   -0.0016
   -0.0016
   -0.0009
   -0.0009
   -0.0015
   -0.0009
   -0.0009


ans =

   -0.0012
   -0.0012
    0.0027
   -0.0007
   -0.0007
    0.0008
   -0.0010
   -0.0002
   -0.0002
   -0.0000


ans =

SDP:     t =0.02     Iter =7


ans =

    0.0123
   -0.0014
   -0.0014
   -0.0016
   -0.0016
   -0.0016
   -0.0007
   -0.0007
   -0.0007
   -0.0007


ans =

    0.0114
   -0.0014
   -0.0014
   -0.0016
   -0.0016
   -0.0011
   -0.0011
   -0.0014
   -0.0009
   -0.0009


ans =

SDP:     t =0.02     Iter =8


ans =

    0.0124
   -0.0015
   -0.0015
   -0.0007
   -0.0007
   -0.0016
   -0.0016
   -0.0017
   -0.0007
   -0.0007


ans =

    0.0115
   -0.0014
   -0.0014
   -0.0016
   -0.0016
   -0.0012
   -0.0012
   -0.0014
   -0.0010
   -0.0010


ans =

SDP:     t =0.02     Iter =9


ans =

    0.0065
   -0.0014
   -0.0014
   -0.0014
   -0.0014
   -0.0014
   -0.0014
   -0.0011
   -0.0011
   -0.0007


ans =

         0
         0
         0
         0
   -0.0010
   -0.0010
    0.0014
   -0.0009
   -0.0002
   -0.0002


ans =

SDP:     t =0.02     Iter =10


ans =

    0.0132
   -0.0015
   -0.0015
   -0.0016
   -0.0016
   -0.0017
   -0.0007
   -0.0007
   -0.0007
   -0.0007


ans =

    0.0122
   -0.0017
   -0.0017
   -0.0017
   -0.0017
   -0.0010
   -0.0010
   -0.0013
   -0.0011
   -0.0011


ans =

SDP:     t =0.02     Iter =11


ans =

    0.0125
   -0.0015
   -0.0015
   -0.0016
   -0.0016
   -0.0007
   -0.0007
   -0.0017
   -0.0007
   -0.0007


ans =

    0.0116
   -0.0014
   -0.0014
   -0.0016
   -0.0016
   -0.0012
   -0.0012
   -0.0014
   -0.0009
   -0.0009


ans =

SDP:     t =0.02     Iter =12


ans =

    0.0120
   -0.0015
   -0.0015
   -0.0016
   -0.0016
   -0.0007
   -0.0007
   -0.0017
   -0.0007
   -0.0007


ans =

    0.0112
   -0.0015
   -0.0015
   -0.0016
   -0.0016
   -0.0011
   -0.0011
   -0.0013
   -0.0009
   -0.0009


ans =

SDP:     t =0.02     Iter =13


ans =

    0.0112
   -0.0015
   -0.0015
   -0.0016
   -0.0016
   -0.0017
   -0.0007
   -0.0007
   -0.0006
   -0.0006


ans =

    0.0101
   -0.0023
   -0.0023
   -0.0012
   -0.0012
   -0.0000
   -0.0005
   -0.0017
   -0.0012
   -0.0012


ans =

SDP:     t =0.02     Iter =14


ans =

    0.0053
   -0.0015
   -0.0015
   -0.0017
   -0.0015
   -0.0015
   -0.0001
   -0.0002
   -0.0006
   -0.0006


ans =

         0
   -0.0010
   -0.0010
   -0.0013
    0.0013
    0.0011
   -0.0003
   -0.0003
    0.0000
         0


ans =

SDP:     t =0.02     Iter =15


ans =

    0.0126
   -0.0015
   -0.0015
   -0.0016
   -0.0016
   -0.0017
   -0.0007
   -0.0007
   -0.0007
   -0.0007


ans =

    0.0116
   -0.0014
   -0.0014
   -0.0017
   -0.0017
   -0.0012
   -0.0012
   -0.0014
   -0.0010
   -0.0010


ans =

SDP:     t =0.02     Iter =16


ans =

    0.0086
   -0.0014
   -0.0014
   -0.0015
   -0.0015
   -0.0008
   -0.0008
   -0.0015
   -0.0008
   -0.0008


ans =

    0.0050
   -0.0014
   -0.0014
   -0.0014
   -0.0014
   -0.0018
   -0.0001
   -0.0001
    0.0004
    0.0004


ans =

SDP:     t =0.02     Iter =17


ans =

    0.0121
   -0.0015
   -0.0015
   -0.0016
   -0.0016
   -0.0017
   -0.0007
   -0.0007
   -0.0007
   -0.0007


ans =

    0.0112
   -0.0015
   -0.0015
   -0.0016
   -0.0016
   -0.0011
   -0.0011
   -0.0014
   -0.0009
   -0.0009


ans =

SDP:     t =0.02     Iter =18


ans =

    0.0052
   -0.0014
   -0.0014
   -0.0015
   -0.0015
   -0.0014
   -0.0009
   -0.0009
   -0.0009
   -0.0009


ans =

         0
   -0.0020
         0
         0
         0
         0
         0
   -0.0011
         0
         0


ans =

SDP:     t =0.02     Iter =19


ans =

    0.0065
   -0.0015
   -0.0015
   -0.0016
   -0.0016
   -0.0013
   -0.0013
   -0.0008
   -0.0008
   -0.0008


ans =

   -0.0013
   -0.0013
    0.0017
   -0.0005
   -0.0005
   -0.0009
    0.0005
   -0.0001
    0.0000
    0.0000


ans =

SDP:     t =0.02     Iter =20


ans =

    0.0118
   -0.0015
   -0.0015
   -0.0015
   -0.0015
   -0.0016
   -0.0007
   -0.0007
   -0.0007
   -0.0007


ans =

    0.0109
   -0.0016
   -0.0016
   -0.0013
   -0.0013
   -0.0018
   -0.0012
   -0.0012
   -0.0008
   -0.0008


ans =

SDP:     t =0.02     Iter =21


ans =

    0.0137
   -0.0015
   -0.0015
   -0.0016
   -0.0016
   -0.0017
   -0.0007
   -0.0007
   -0.0007
   -0.0007


ans =

    0.0128
   -0.0015
   -0.0015
   -0.0018
   -0.0018
   -0.0007
   -0.0007
   -0.0014
   -0.0012
   -0.0012


ans =

SDP:     t =0.02     Iter =22


ans =

    0.0092
   -0.0013
   -0.0013
   -0.0014
   -0.0014
   -0.0013
   -0.0011
   -0.0011
   -0.0009
   -0.0008


ans =

    0.0069
   -0.0010
   -0.0010
   -0.0008
   -0.0008
   -0.0016
   -0.0016
   -0.0006
   -0.0001
   -0.0001


ans =

SDP:     t =0.02     Iter =23


ans =

    0.0091
   -0.0014
   -0.0014
   -0.0015
   -0.0015
   -0.0015
   -0.0008
   -0.0008
   -0.0010
   -0.0008


ans =

    0.0067
   -0.0016
   -0.0016
   -0.0005
   -0.0005
    0.0002
   -0.0004
   -0.0014
   -0.0014
   -0.0012


ans =

SDP:     t =0.02     Iter =24


ans =

    0.0059
   -0.0014
   -0.0014
   -0.0015
   -0.0015
   -0.0014
   -0.0009
   -0.0009
   -0.0009
   -0.0009


ans =

         0
         0
         0
         0
         0
   -0.0011
   -0.0011
    0.0004
   -0.0012
         0


ans =

SDP:     t =0.02     Iter =25


ans =

    0.0192
   -0.0015
   -0.0015
   -0.0021
   -0.0021
   -0.0023
   -0.0007
   -0.0007
   -0.0007
   -0.0007


ans =

    0.0191
   -0.0024
   -0.0024
   -0.0010
   -0.0010
   -0.0008
   -0.0008
   -0.0006
   -0.0018
   -0.0018


ans =

SDP:     t =0.02     Iter =26


ans =

    0.0114
   -0.0015
   -0.0015
   -0.0016
   -0.0016
   -0.0008
   -0.0008
   -0.0016
   -0.0006
   -0.0010


ans =

    0.0104
   -0.0017
   -0.0017
    0.0001
   -0.0012
   -0.0012
   -0.0010
   -0.0017
   -0.0017
   -0.0018


ans =

SDP:     t =0.02     Iter =27


ans =

    0.0124
   -0.0014
   -0.0014
   -0.0016
   -0.0016
   -0.0007
   -0.0007
   -0.0017
   -0.0007
   -0.0007


ans =

    0.0115
   -0.0014
   -0.0014
   -0.0017
   -0.0017
   -0.0012
   -0.0012
   -0.0014
   -0.0010
   -0.0010


ans =

SDP:     t =0.02     Iter =28


ans =

    0.0066
   -0.0014
   -0.0014
   -0.0015
   -0.0015
   -0.0013
   -0.0013
   -0.0011
   -0.0011
   -0.0008


ans =

         0
         0
         0
         0
   -0.0010
   -0.0010
    0.0014
   -0.0009
   -0.0002
   -0.0002


ans =

SDP:     t =0.02     Iter =29


ans =

    0.0119
   -0.0015
   -0.0015
   -0.0016
   -0.0016
   -0.0017
   -0.0007
   -0.0007
   -0.0007
   -0.0007


ans =

    0.0111
   -0.0014
   -0.0014
   -0.0016
   -0.0016
   -0.0011
   -0.0011
   -0.0013
   -0.0009
   -0.0009


ans =

SDP:     t =0.02     Iter =30


ans =

    0.0131
   -0.0015
   -0.0015
   -0.0016
   -0.0016
   -0.0007
   -0.0007
   -0.0017
   -0.0007
   -0.0007


ans =

    0.0121
   -0.0014
   -0.0014
   -0.0018
   -0.0018
   -0.0012
   -0.0012
   -0.0014
   -0.0010
   -0.0010


ans =

SDP:     t =0.02     Iter =31


ans =

    0.0127
   -0.0014
   -0.0014
   -0.0016
   -0.0016
   -0.0007
   -0.0007
   -0.0016
   -0.0006
   -0.0009


ans =

    0.0117
   -0.0015
   -0.0015
   -0.0017
   -0.0017
   -0.0011
   -0.0011
   -0.0008
   -0.0013
   -0.0013


ans =

SDP:     t =0.02     Iter =32


ans =

    0.0083
   -0.0014
   -0.0014
   -0.0015
   -0.0015
   -0.0016
   -0.0008
   -0.0008
   -0.0007
   -0.0008


ans =

   -0.0011
   -0.0011
    0.0032
   -0.0012
   -0.0012
    0.0010
    0.0001
   -0.0011
   -0.0004
    0.0000


ans =

SDP:     t =0.02     Iter =33


ans =

    0.0112
   -0.0015
   -0.0015
   -0.0016
   -0.0016
   -0.0017
   -0.0007
   -0.0007
   -0.0007
   -0.0007


ans =

    0.0100
   -0.0018
   -0.0018
   -0.0012
   -0.0012
   -0.0024
    0.0000
   -0.0005
   -0.0014
   -0.0014


ans =

SDP:     t =0.02     Iter =34


ans =

    0.0123
   -0.0015
   -0.0015
   -0.0016
   -0.0016
   -0.0007
   -0.0007
   -0.0017
   -0.0007
   -0.0007


ans =

    0.0114
   -0.0015
   -0.0015
   -0.0016
   -0.0016
   -0.0011
   -0.0011
   -0.0014
   -0.0009
   -0.0009


ans =

SDP:     t =0.02     Iter =35


ans =

    0.0109
   -0.0015
   -0.0015
   -0.0016
   -0.0016
   -0.0016
   -0.0007
   -0.0007
   -0.0007
   -0.0007


ans =

    0.0097
   -0.0022
   -0.0022
    0.0004
   -0.0011
   -0.0011
   -0.0002
   -0.0016
   -0.0016
   -0.0014


ans =

SDP:     t =0.02     Iter =36


ans =

    0.0123
   -0.0015
   -0.0015
   -0.0016
   -0.0016
   -0.0007
   -0.0007
   -0.0017
   -0.0007
   -0.0007


ans =

    0.0114
   -0.0014
   -0.0014
   -0.0016
   -0.0016
   -0.0011
   -0.0011
   -0.0014
   -0.0009
   -0.0009


ans =

SDP:     t =0.02     Iter =37


ans =

    0.0122
   -0.0015
   -0.0015
   -0.0016
   -0.0016
   -0.0017
   -0.0007
   -0.0007
   -0.0007
   -0.0007


ans =

    0.0113
   -0.0019
   -0.0019
   -0.0015
   -0.0015
   -0.0012
   -0.0012
   -0.0009
   -0.0009
   -0.0015


ans =

SDP:     t =0.02     Iter =38


ans =

    0.0113
   -0.0015
   -0.0015
   -0.0007
   -0.0007
   -0.0016
   -0.0016
   -0.0017
   -0.0007
   -0.0007


ans =

    0.0102
   -0.0018
   -0.0018
   -0.0012
   -0.0012
   -0.0006
   -0.0006
   -0.0020
   -0.0012
   -0.0012


ans =

SDP:     t =0.02     Iter =39


ans =

    0.0106
   -0.0015
   -0.0015
   -0.0016
   -0.0016
   -0.0007
   -0.0007
   -0.0017
   -0.0007
   -0.0007


ans =

    0.0095
   -0.0022
   -0.0022
    0.0004
   -0.0011
   -0.0011
   -0.0002
   -0.0016
   -0.0016
   -0.0013


ans =

SDP:     t =0.02     Iter =40


ans =

    0.0133
   -0.0015
   -0.0015
   -0.0016
   -0.0016
   -0.0017
   -0.0007
   -0.0007
   -0.0007
   -0.0007


ans =

    0.0123
   -0.0017
   -0.0017
   -0.0017
   -0.0017
   -0.0010
   -0.0010
   -0.0014
   -0.0011
   -0.0011


ans =

SDP:     t =0.02     Iter =41


ans =

    0.0134
   -0.0015
   -0.0015
   -0.0016
   -0.0016
   -0.0007
   -0.0007
   -0.0017
   -0.0007
   -0.0007


ans =

    0.0125
   -0.0015
   -0.0015
   -0.0018
   -0.0018
   -0.0007
   -0.0007
   -0.0014
   -0.0011
   -0.0011


ans =

SDP:     t =0.02     Iter =42


ans =

    0.0120
   -0.0014
   -0.0014
   -0.0016
   -0.0016
   -0.0007
   -0.0007
   -0.0016
   -0.0007
   -0.0007


ans =

    0.0111
   -0.0014
   -0.0014
   -0.0016
   -0.0016
   -0.0011
   -0.0011
   -0.0009
   -0.0009
   -0.0013


ans =

SDP:     t =0.02     Iter =43


ans =

    0.0074
   -0.0015
   -0.0015
   -0.0015
   -0.0015
   -0.0009
   -0.0009
   -0.0015
   -0.0009
   -0.0009


ans =

   -0.0011
   -0.0011
    0.0025
   -0.0008
   -0.0008
    0.0010
   -0.0009
   -0.0004
    0.0000
   -0.0000


ans =

SDP:     t =0.02     Iter =44


ans =

    0.0060
   -0.0014
   -0.0014
   -0.0016
   -0.0016
   -0.0015
   -0.0009
   -0.0009
   -0.0009
   -0.0009


ans =

         0
         0
         0
         0
         0
   -0.0011
   -0.0011
    0.0004
   -0.0012
         0


ans =

SDP:     t =0.02     Iter =45


ans =

    0.0102
   -0.0015
   -0.0015
   -0.0016
   -0.0016
   -0.0017
   -0.0007
   -0.0007
   -0.0007
   -0.0007


ans =

    0.0089
   -0.0020
   -0.0020
    0.0006
   -0.0023
   -0.0011
   -0.0011
   -0.0016
   -0.0004
   -0.0004


ans =

Slow convergence: Maximum number of iterations is reached.


A_sparse_ret =

  Columns 1 through 9

   -0.0015         0    0.0068    0.0013   -0.0117    0.0015    0.0028    0.0015    0.0011
    0.0013         0    0.0010    0.0011    0.0015         0    0.0011    0.0011    0.0012
    0.0011    0.0015         0    0.0012    0.0012    0.0012    0.0011    0.0012    0.0011
         0    0.0016         0         0         0    0.0010    0.0029         0    0.0015
    0.0015    0.0013         0    0.0011         0         0         0    0.0010    0.0012
    0.0019         0         0    0.0010    0.0022         0    0.0014         0    0.0012
    0.0013    0.0017    0.0016    0.0011    0.0018    0.0010         0    0.0011    0.0012
    0.0013         0    0.0014    0.0011    0.0017         0    0.0016         0    0.0014
         0    0.0014    0.0018    0.0011    0.0011    0.0013         0         0         0
    0.0012    0.0019    0.0014    0.0016    0.0016    0.0015         0    0.0013         0

  Column 10

         0
    0.0011
    0.0012
         0
    0.0012
    0.0011
    0.0011
    0.0012
    0.0019
         0

[?1l>