This is pdfTeX, Version 3.1415926-2.3-1.40.12 (TeX Live 2011) (format=mex 2011.7.3)  17 APR 2013 16:25
entering extended mode
 restricted \write18 enabled.
 %&-line parsing enabled.
**rtree-c/f-table.c rtree-c/rtenslearn_c.c rtree-c/tree-model.c rtree-c/tree-mo
del.h rtree-c/tree-multiregr.c
(./rtree-c/f-table.c
This is MeX  Version 1.05  18 XII 1993  (B. Jackowski & M. Ry\'cko)
Missing character: There is no ù in font plr10!
Missing character: There is no ù in font plr10!
! Missing $ inserted.
<inserted text> 
                $
<to be read again> 
                   _
l.12 const float f_
                   table_10[37][17]={{0,1, 2, 3, 4, 5, 6, 7, 8, 9, 10, 12, 1...

? 
! Emergency stop.
<inserted text> 
                $
<to be read again> 
                   _
l.12 const float f_
                   table_10[37][17]={{0,1, 2, 3, 4, 5, 6, 7, 8, 9, 10, 12, 1...
End of file on the terminal!

No pages of output.
