[?1h=Warning: No window system found.  Java option 'MWT' ignored

                                  < M A T L A B (R) >
                        Copyright 1984-2010 The MathWorks, Inc.
                      Version 7.11.0.584 (R2010b) 64-bit (maci64)
                                    August 16, 2010

 
  To get started, type one of these: helpwin, helpdesk, or demo.
  For product information, visit www.mathworks.com.
 
[H[2J
t_vec =

     0


ans =

UNSTABLE:     t =0     Iter =1


ans =

UNSTABLE:     t =0     Iter =2


ans =

SDP:     t =0     Iter =0


ans =

SDP:     t =0     Iter =1


ans =

    0.0071
   -0.0028
   -0.0028
   -0.0008
   -0.0008
   -0.0002
   -0.0002
   -0.0006
   -0.0006
   -0.0007


ans =

    0.0057
   -0.0023
   -0.0023
   -0.0009
   -0.0009
   -0.0004
   -0.0004
   -0.0014
   -0.0001
   -0.0001


ans =

SDP:     t =0     Iter =2


ans =

    0.0037
   -0.0016
   -0.0016
   -0.0010
   -0.0010
   -0.0011
   -0.0011
   -0.0007
   -0.0007
   -0.0008


ans =

         0
   -0.0014
   -0.0014
    0.0019
   -0.0003
   -0.0003
   -0.0003
   -0.0003
   -0.0013
    0.0002


ans =

SDP:     t =0     Iter =3


ans =

SDP:     t =0     Iter =4


ans =

    0.0049
   -0.0017
   -0.0017
   -0.0009
   -0.0009
   -0.0009
   -0.0009
   -0.0007
   -0.0007
   -0.0010


ans =

    0.0033
   -0.0017
   -0.0017
    0.0004
    0.0004
   -0.0005
   -0.0005
   -0.0016
   -0.0007
   -0.0006


ans =

SDP:     t =0     Iter =5


ans =

   -0.0011
   -0.0011
   -0.0010
   -0.0010
   -0.0010
   -0.0010
    0.0004
   -0.0010
   -0.0010
   -0.0009


ans =

   1.0e-03 *

         0
   -0.7017
   -0.7017
   -0.9538
   -0.9538
    0.7529
   -0.6626
   -0.6626
   -0.8840
   -0.8840


ans =

SDP:     t =0     Iter =6


ans =

    0.0112
   -0.0015
   -0.0015
   -0.0024
   -0.0024
   -0.0010
   -0.0010
   -0.0008
   -0.0008
   -0.0006


ans =

    0.0097
   -0.0013
   -0.0013
   -0.0021
   -0.0021
   -0.0005
   -0.0005
   -0.0001
   -0.0007
   -0.0012


ans =

SDP:     t =0     Iter =7


ans =

   -0.0004
   -0.0004
   -0.0011
   -0.0011
    0.0022
   -0.0012
   -0.0012
   -0.0012
   -0.0012
   -0.0008


ans =

         0
   -0.0001
   -0.0001
   -0.0009
   -0.0009
    0.0013
   -0.0001
   -0.0001
   -0.0014
   -0.0008


ans =

SDP:     t =0     Iter =8


ans =

   -0.0011
   -0.0011
   -0.0010
   -0.0010
   -0.0010
   -0.0010
    0.0006
   -0.0010
   -0.0010
   -0.0010


ans =

         0
   -0.0007
   -0.0007
   -0.0007
   -0.0007
    0.0009
   -0.0002
   -0.0002
   -0.0011
   -0.0011


ans =

SDP:     t =0     Iter =9


ans =

    0.0031
   -0.0013
   -0.0013
   -0.0011
   -0.0011
   -0.0006
   -0.0006
   -0.0009
   -0.0009
   -0.0006


ans =

         0
         0
   -0.0007
   -0.0007
   -0.0007
   -0.0007
    0.0013
   -0.0013
   -0.0000
   -0.0000


ans =

SDP:     t =0     Iter =10


ans =

    0.0113
   -0.0015
   -0.0015
   -0.0024
   -0.0024
   -0.0010
   -0.0010
   -0.0008
   -0.0008
   -0.0006


ans =

    0.0098
   -0.0013
   -0.0013
   -0.0021
   -0.0021
   -0.0005
   -0.0005
   -0.0001
   -0.0007
   -0.0012


ans =

SDP:     t =0     Iter =11


ans =

   -0.0012
   -0.0012
   -0.0009
   -0.0009
   -0.0010
   -0.0010
    0.0012
   -0.0009
   -0.0009
   -0.0009


ans =

         0
   -0.0007
   -0.0007
   -0.0005
   -0.0005
    0.0012
   -0.0005
   -0.0005
   -0.0007
   -0.0014


ans =

SDP:     t =0     Iter =12


ans =

    0.0058
   -0.0016
   -0.0016
   -0.0012
   -0.0012
   -0.0009
   -0.0009
   -0.0009
   -0.0009
   -0.0008


ans =

    0.0040
   -0.0004
   -0.0004
   -0.0008
   -0.0008
   -0.0006
   -0.0006
   -0.0014
   -0.0006
   -0.0006


ans =

SDP:     t =0     Iter =13


ans =

   -0.0007
   -0.0007
   -0.0010
   -0.0010
    0.0017
   -0.0009
   -0.0009
   -0.0010
   -0.0007
   -0.0007


ans =

         0
    0.0002
    0.0002
   -0.0009
   -0.0009
    0.0002
    0.0002
    0.0006
   -0.0003
   -0.0011


ans =

SDP:     t =0     Iter =14


ans =

    0.0038
   -0.0007
   -0.0007
   -0.0010
   -0.0010
   -0.0007
   -0.0007
   -0.0016
   -0.0008
   -0.0010


ans =

   -0.0001
   -0.0001
    0.0024
   -0.0010
   -0.0010
    0.0002
    0.0002
   -0.0009
   -0.0009
   -0.0013


ans =

SDP:     t =0     Iter =15


ans =

    0.0042
   -0.0013
   -0.0013
   -0.0013
   -0.0013
   -0.0006
   -0.0006
   -0.0009
   -0.0007
   -0.0007


ans =

         0
    0.0022
   -0.0011
   -0.0011
   -0.0003
   -0.0003
   -0.0006
   -0.0006
   -0.0003
   -0.0003


ans =

SDP:     t =0     Iter =16


ans =

   -0.0011
   -0.0011
   -0.0011
   -0.0011
   -0.0009
   -0.0009
    0.0007
   -0.0009
   -0.0009
   -0.0009


ans =

   1.0e-03 *

         0
   -0.7047
   -0.7047
   -0.6171
   -0.6171
    0.9733
   -0.4180
   -0.4180
   -0.9785
   -0.9785


ans =

SDP:     t =0     Iter =17


ans =

    0.0028
   -0.0010
   -0.0010
   -0.0011
   -0.0011
   -0.0010
   -0.0010
   -0.0010
   -0.0009
   -0.0009


ans =

         0
   -0.0003
   -0.0003
   -0.0007
   -0.0007
    0.0019
   -0.0015
   -0.0004
    0.0001
    0.0001


ans =

SDP:     t =0     Iter =18


ans =

   -0.0011
   -0.0011
   -0.0010
   -0.0010
   -0.0010
   -0.0010
    0.0007
   -0.0010
   -0.0010
   -0.0010


ans =

         0
   -0.0006
   -0.0006
   -0.0008
   -0.0008
    0.0009
   -0.0006
   -0.0006
   -0.0013
   -0.0011


ans =

SDP:     t =0     Iter =19


ans =

    0.0035
   -0.0019
   -0.0019
   -0.0009
   -0.0009
   -0.0009
   -0.0009
   -0.0009
   -0.0009
   -0.0008


ans =

   -0.0015
   -0.0015
    0.0023
    0.0001
    0.0001
   -0.0002
   -0.0002
   -0.0011
   -0.0011
   -0.0002


ans =

SDP:     t =0     Iter =20


ans =

    0.0092
   -0.0019
   -0.0019
   -0.0007
   -0.0007
   -0.0002
   -0.0002
   -0.0003
   -0.0003
   -0.0013


ans =

    0.0075
   -0.0015
   -0.0015
   -0.0004
   -0.0004
   -0.0007
   -0.0007
   -0.0024
   -0.0008
   -0.0004


ans =

SDP:     t =0     Iter =21


ans =

    0.0114
   -0.0015
   -0.0015
   -0.0024
   -0.0024
   -0.0010
   -0.0010
   -0.0008
   -0.0008
   -0.0006


ans =

    0.0099
   -0.0013
   -0.0013
   -0.0022
   -0.0022
   -0.0003
   -0.0003
   -0.0005
   -0.0005
   -0.0010


ans =

SDP:     t =0     Iter =22


ans =

   -0.0013
   -0.0013
   -0.0009
   -0.0009
   -0.0010
   -0.0010
    0.0006
   -0.0009
   -0.0009
   -0.0009


ans =

         0
   -0.0007
   -0.0007
   -0.0007
   -0.0007
    0.0010
   -0.0006
   -0.0006
   -0.0014
   -0.0014


ans =

SDP:     t =0     Iter =23


ans =

   -0.0008
   -0.0008
   -0.0010
   -0.0010
    0.0016
   -0.0009
   -0.0009
   -0.0009
   -0.0008
   -0.0008


ans =

         0
   -0.0002
   -0.0002
   -0.0011
   -0.0011
    0.0012
    0.0000
    0.0000
   -0.0012
   -0.0004


ans =

SDP:     t =0     Iter =24


ans =

   -0.0012
   -0.0012
   -0.0011
   -0.0011
   -0.0013
   -0.0013
    0.0004
   -0.0012
   -0.0010
   -0.0010


ans =

   -0.0009
   -0.0009
   -0.0014
   -0.0014
    0.0010
   -0.0011
   -0.0011
   -0.0005
   -0.0005
   -0.0013


ans =

SDP:     t =0     Iter =25


ans =

   -0.0012
   -0.0012
   -0.0010
   -0.0010
   -0.0010
   -0.0010
    0.0003
   -0.0009
   -0.0009
   -0.0010


ans =

         0
   -0.0011
   -0.0011
   -0.0008
   -0.0008
    0.0010
   -0.0003
   -0.0003
   -0.0012
   -0.0012


ans =

SDP:     t =0     Iter =26


ans =

    0.0112
   -0.0015
   -0.0015
   -0.0024
   -0.0024
   -0.0010
   -0.0010
   -0.0008
   -0.0008
   -0.0006


ans =

    0.0097
   -0.0013
   -0.0013
   -0.0021
   -0.0021
   -0.0005
   -0.0005
   -0.0001
   -0.0007
   -0.0012


ans =

SDP:     t =0     Iter =27


ans =

   -0.0010
   -0.0010
   -0.0010
   -0.0010
   -0.0010
   -0.0010
    0.0003
   -0.0010
   -0.0010
   -0.0010


ans =

         0
   -0.0007
   -0.0007
   -0.0009
   -0.0009
    0.0008
   -0.0005
   -0.0005
   -0.0011
   -0.0011


ans =

SDP:     t =0     Iter =28


ans =

SDP:     t =0     Iter =29


ans =

   -0.0012
   -0.0012
   -0.0010
   -0.0010
    0.0019
   -0.0011
   -0.0011
   -0.0008
   -0.0010
   -0.0010


ans =

   -0.0008
   -0.0008
   -0.0003
   -0.0003
    0.0016
   -0.0008
   -0.0008
   -0.0010
   -0.0005
   -0.0005


ans =

SDP:     t =0     Iter =30


ans =

    0.0037
   -0.0013
   -0.0013
   -0.0012
   -0.0012
   -0.0007
   -0.0007
   -0.0008
   -0.0009
   -0.0009


ans =

         0
         0
   -0.0010
   -0.0010
   -0.0005
   -0.0005
    0.0014
   -0.0009
    0.0000
    0.0000


ans =

SDP:     t =0     Iter =31


ans =

   -0.0014
   -0.0014
   -0.0011
   -0.0011
   -0.0009
   -0.0009
    0.0004
   -0.0009
   -0.0009
   -0.0011


ans =

         0
   -0.0010
   -0.0010
   -0.0007
   -0.0007
    0.0010
   -0.0004
   -0.0004
   -0.0005
   -0.0014


ans =

SDP:     t =0     Iter =32


ans =

   -0.0012
   -0.0012
   -0.0010
   -0.0010
   -0.0010
   -0.0010
    0.0008
   -0.0009
   -0.0009
   -0.0009


ans =

         0
   -0.0007
   -0.0007
   -0.0007
   -0.0007
    0.0010
   -0.0001
   -0.0001
   -0.0013
   -0.0010


ans =

SDP:     t =0     Iter =33


ans =

   -0.0011
   -0.0011
   -0.0010
   -0.0010
   -0.0010
   -0.0010
    0.0006
   -0.0010
   -0.0009
   -0.0009


ans =

         0
   -0.0007
   -0.0007
   -0.0007
   -0.0007
    0.0009
   -0.0002
   -0.0002
   -0.0011
   -0.0011


ans =

SDP:     t =0     Iter =34


ans =

   -0.0011
   -0.0011
   -0.0010
   -0.0010
   -0.0010
   -0.0010
    0.0007
   -0.0009
   -0.0009
   -0.0009


ans =

         0
   -0.0002
   -0.0002
   -0.0008
   -0.0008
    0.0010
   -0.0005
   -0.0005
   -0.0011
   -0.0013


ans =

SDP:     t =0     Iter =35


ans =

    0.0047
   -0.0009
   -0.0009
   -0.0010
   -0.0010
   -0.0012
   -0.0012
   -0.0010
   -0.0010
   -0.0009


ans =

    0.0038
   -0.0002
   -0.0002
   -0.0004
   -0.0004
   -0.0005
   -0.0005
   -0.0013
   -0.0009
   -0.0006


ans =

SDP:     t =0     Iter =36


ans =

   -0.0007
   -0.0007
   -0.0010
   -0.0010
   -0.0009
   -0.0009
    0.0000
   -0.0011
   -0.0010
   -0.0010


ans =

         0
   -0.0003
   -0.0003
   -0.0010
   -0.0010
   -0.0000
   -0.0000
    0.0007
   -0.0005
   -0.0013


ans =

SDP:     t =0     Iter =37


ans =

   -0.0014
   -0.0014
   -0.0010
   -0.0010
   -0.0009
   -0.0009
    0.0009
   -0.0010
   -0.0010
   -0.0011


ans =

   -0.0010
   -0.0010
   -0.0008
   -0.0008
   -0.0003
   -0.0003
   -0.0011
   -0.0008
    0.0006
    0.0006


ans =

SDP:     t =0     Iter =38


ans =

    0.0114
   -0.0015
   -0.0015
   -0.0024
   -0.0024
   -0.0010
   -0.0010
   -0.0008
   -0.0008
   -0.0006


ans =

    0.0099
   -0.0013
   -0.0013
   -0.0022
   -0.0022
   -0.0003
   -0.0003
   -0.0005
   -0.0005
   -0.0010


ans =

SDP:     t =0     Iter =39


ans =

   -0.0012
   -0.0012
   -0.0010
   -0.0010
   -0.0010
   -0.0010
    0.0007
   -0.0009
   -0.0009
   -0.0010


ans =

         0
   -0.0009
   -0.0009
   -0.0009
   -0.0009
   -0.0002
   -0.0002
    0.0009
   -0.0010
   -0.0007


ans =

SDP:     t =0     Iter =40


ans =

   -0.0011
   -0.0011
   -0.0010
   -0.0010
   -0.0010
   -0.0010
    0.0004
   -0.0009
   -0.0009
   -0.0009


ans =

         0
   -0.0002
   -0.0002
   -0.0008
   -0.0008
    0.0006
   -0.0004
   -0.0004
   -0.0011
   -0.0011


ans =

SDP:     t =0     Iter =41


ans =

   -0.0014
   -0.0014
    0.0027
   -0.0010
   -0.0010
   -0.0010
   -0.0010
   -0.0008
   -0.0008
   -0.0008


ans =

         0
   -0.0009
   -0.0009
   -0.0006
   -0.0006
    0.0017
   -0.0011
   -0.0003
   -0.0002
   -0.0002


ans =

SDP:     t =0     Iter =42


ans =

    0.0085
   -0.0012
   -0.0012
   -0.0017
   -0.0017
   -0.0010
   -0.0010
   -0.0016
   -0.0010
   -0.0010


ans =

    0.0067
   -0.0008
   -0.0008
   -0.0017
   -0.0017
   -0.0017
   -0.0009
   -0.0009
   -0.0005
   -0.0005


ans =

SDP:     t =0     Iter =43


ans =

    0.0059
   -0.0012
   -0.0012
   -0.0003
   -0.0003
   -0.0010
   -0.0010
   -0.0021
   -0.0003
    0.0005


ans =

    0.0046
   -0.0003
   -0.0003
    0.0010
   -0.0005
   -0.0005
   -0.0012
   -0.0012
   -0.0016
   -0.0011


ans =

SDP:     t =0     Iter =44


ans =

   -0.0011
   -0.0011
    0.0021
   -0.0011
   -0.0011
   -0.0010
   -0.0010
   -0.0011
   -0.0011
   -0.0007


ans =

         0
   -0.0002
   -0.0002
   -0.0009
   -0.0009
    0.0015
   -0.0006
   -0.0006
   -0.0015
   -0.0005


ans =

SDP:     t =0     Iter =45


ans =

Slow convergence: Maximum number of iterations is reached.


A_sparse_ret =

  Columns 1 through 9

   -0.0021         0         0         0   -0.0034         0         0         0         0
         0         0         0   -0.0020         0    0.0038         0         0         0
         0    0.0012   -0.0017    0.0015    0.0019         0   -0.0011         0         0
         0    0.0024   -0.0014         0         0         0         0         0         0
    0.0034         0   -0.0022         0         0   -0.0022         0   -0.0012         0
         0   -0.0041    0.0012         0    0.0012         0         0    0.0017         0
         0         0    0.0016         0         0         0         0         0         0
         0         0         0   -0.0013    0.0013   -0.0023    0.0013   -0.0012         0
         0         0         0         0         0         0    0.0012         0         0
   -0.0014         0    0.0012    0.0019         0    0.0015         0         0         0

  Column 10

    0.0011
         0
         0
         0
         0
         0
    0.0012
         0
    0.0011
         0

[?1l>