[?1h=Warning: No window system found.  Java option 'MWT' ignored

                                  < M A T L A B (R) >
                        Copyright 1984-2010 The MathWorks, Inc.
                      Version 7.11.0.584 (R2010b) 64-bit (maci64)
                                    August 16, 2010

 
  To get started, type one of these: helpwin, helpdesk, or demo.
  For product information, visit www.mathworks.com.
 
[H[2J
t_vec =

    0.0100


ans =

UNSTABLE:     t =0.01     Iter =1


ans =

UNSTABLE:     t =0.01     Iter =2


ans =

UNSTABLE:     t =0.01     Iter =3


ans =

UNSTABLE:     t =0.01     Iter =4


ans =

SDP:     t =0.01     Iter =0


ans =

SDP:     t =0.01     Iter =1


ans =

    0.0106
   -0.0007
   -0.0007
   -0.0022
   -0.0022
   -0.0015
   -0.0015
   -0.0008
   -0.0008
   -0.0008


ans =

    0.0095
   -0.0003
   -0.0003
   -0.0018
   -0.0018
    0.0003
   -0.0020
   -0.0020
   -0.0008
   -0.0009


ans =

SDP:     t =0.01     Iter =2


ans =

    0.0047
   -0.0003
   -0.0003
   -0.0016
   -0.0016
   -0.0010
   -0.0010
   -0.0015
   -0.0009
   -0.0009


ans =

         0
         0
   -0.0016
         0
    0.0000
    0.0000
    0.0016
   -0.0019
    0.0001
   -0.0011


ans =

SDP:     t =0.01     Iter =3


ans =

    0.0103
   -0.0007
   -0.0007
   -0.0024
   -0.0024
   -0.0016
   -0.0016
   -0.0008
   -0.0008
   -0.0008


ans =

    0.0094
   -0.0025
   -0.0025
   -0.0004
   -0.0004
    0.0010
   -0.0017
   -0.0017
   -0.0008
   -0.0005


ans =

SDP:     t =0.01     Iter =4


ans =

    0.0105
   -0.0007
   -0.0007
   -0.0023
   -0.0023
   -0.0016
   -0.0016
   -0.0008
   -0.0008
   -0.0008


ans =

    0.0097
   -0.0025
   -0.0025
   -0.0004
   -0.0004
    0.0011
   -0.0017
   -0.0017
   -0.0007
   -0.0007


ans =

SDP:     t =0.01     Iter =5


ans =

    0.0107
   -0.0007
   -0.0007
   -0.0024
   -0.0024
   -0.0016
   -0.0016
   -0.0008
   -0.0008
   -0.0008


ans =

    0.0098
   -0.0026
   -0.0026
   -0.0005
   -0.0005
    0.0011
   -0.0018
   -0.0018
   -0.0007
   -0.0007


ans =

SDP:     t =0.01     Iter =6


ans =

    0.0099
   -0.0007
   -0.0007
   -0.0022
   -0.0022
   -0.0016
   -0.0016
   -0.0008
   -0.0008
   -0.0008


ans =

    0.0088
   -0.0026
   -0.0026
   -0.0004
   -0.0004
    0.0004
    0.0004
   -0.0013
   -0.0013
   -0.0010


ans =

SDP:     t =0.01     Iter =7


ans =

    0.0102
   -0.0007
   -0.0007
   -0.0023
   -0.0023
   -0.0016
   -0.0016
   -0.0008
   -0.0008
   -0.0008


ans =

    0.0094
   -0.0025
   -0.0025
   -0.0004
   -0.0004
    0.0011
   -0.0017
   -0.0017
   -0.0007
   -0.0007


ans =

SDP:     t =0.01     Iter =8


ans =

   -0.0005
   -0.0005
    0.0025
   -0.0015
   -0.0015
   -0.0016
   -0.0010
   -0.0010
   -0.0009
   -0.0010


ans =

         0
   -0.0016
         0
   -0.0022
   -0.0009
   -0.0009
    0.0013
         0
   -0.0013
         0


ans =

SDP:     t =0.01     Iter =9


ans =

    0.0069
   -0.0005
   -0.0005
   -0.0018
   -0.0018
   -0.0015
   -0.0015
   -0.0010
   -0.0010
   -0.0007


ans =

   -0.0002
   -0.0002
    0.0035
   -0.0014
   -0.0014
   -0.0020
   -0.0009
    0.0004
   -0.0003
    0.0000


ans =

SDP:     t =0.01     Iter =10


ans =

    0.0104
   -0.0007
   -0.0007
   -0.0024
   -0.0024
   -0.0016
   -0.0016
   -0.0008
   -0.0008
   -0.0008


ans =

    0.0095
   -0.0025
   -0.0025
   -0.0004
   -0.0004
    0.0011
   -0.0017
   -0.0017
   -0.0007
   -0.0007


ans =

SDP:     t =0.01     Iter =11


ans =

    0.0105
   -0.0007
   -0.0007
   -0.0024
   -0.0024
   -0.0016
   -0.0016
   -0.0008
   -0.0008
   -0.0008


ans =

    0.0097
   -0.0025
   -0.0025
   -0.0004
   -0.0004
    0.0011
   -0.0017
   -0.0017
   -0.0007
   -0.0007


ans =

SDP:     t =0.01     Iter =12


ans =

    0.0033
   -0.0004
   -0.0004
   -0.0015
   -0.0015
   -0.0016
   -0.0010
   -0.0010
   -0.0009
   -0.0009


ans =

   -0.0015
         0
         0
         0
    0.0000
    0.0000
    0.0010
   -0.0006
   -0.0014
   -0.0014


ans =

SDP:     t =0.01     Iter =13


ans =

    0.0053
   -0.0005
   -0.0005
   -0.0017
   -0.0017
   -0.0013
   -0.0013
   -0.0006
   -0.0011
   -0.0011


ans =

    0.0001
    0.0001
    0.0020
   -0.0011
   -0.0011
    0.0006
   -0.0014
   -0.0012
   -0.0003
   -0.0003


ans =

SDP:     t =0.01     Iter =14


ans =

    0.0075
   -0.0004
   -0.0004
   -0.0018
   -0.0018
   -0.0015
   -0.0015
   -0.0007
   -0.0009
   -0.0009


ans =

    0.0048
   -0.0006
   -0.0006
   -0.0008
   -0.0008
   -0.0024
   -0.0002
   -0.0002
   -0.0001
   -0.0014


ans =

SDP:     t =0.01     Iter =15


ans =

   -0.0006
   -0.0006
    0.0028
   -0.0016
   -0.0016
   -0.0017
   -0.0012
   -0.0012
   -0.0008
   -0.0010


ans =

         0
         0
   -0.0018
         0
    0.0013
   -0.0009
   -0.0009
   -0.0023
   -0.0013
         0


ans =

SDP:     t =0.01     Iter =16


ans =

    0.0069
   -0.0005
   -0.0005
   -0.0018
   -0.0018
   -0.0015
   -0.0015
   -0.0009
   -0.0009
   -0.0008


ans =

    0.0042
   -0.0005
   -0.0005
   -0.0010
   -0.0010
   -0.0014
   -0.0013
   -0.0005
    0.0007
    0.0001


ans =

SDP:     t =0.01     Iter =17


ans =

    0.0075
   -0.0007
   -0.0007
   -0.0022
   -0.0022
   -0.0015
   -0.0015
   -0.0008
   -0.0009
   -0.0009


ans =

    0.0039
   -0.0007
   -0.0007
   -0.0008
   -0.0008
   -0.0012
   -0.0007
   -0.0001
   -0.0001
    0.0000


ans =

SDP:     t =0.01     Iter =18


ans =

    0.0051
   -0.0005
   -0.0005
   -0.0015
   -0.0015
   -0.0016
   -0.0016
   -0.0009
   -0.0009
   -0.0012


ans =

         0
         0
   -0.0012
   -0.0001
   -0.0001
    0.0016
   -0.0018
   -0.0015
   -0.0004
    0.0000


ans =

SDP:     t =0.01     Iter =19


ans =

    0.0106
   -0.0007
   -0.0007
   -0.0024
   -0.0024
   -0.0016
   -0.0016
   -0.0008
   -0.0008
   -0.0008


ans =

    0.0097
   -0.0025
   -0.0025
   -0.0003
   -0.0003
    0.0013
   -0.0018
   -0.0018
   -0.0009
   -0.0009


ans =

SDP:     t =0.01     Iter =20


ans =

    0.0105
   -0.0007
   -0.0007
   -0.0023
   -0.0023
   -0.0016
   -0.0016
   -0.0008
   -0.0008
   -0.0008


ans =

    0.0097
   -0.0025
   -0.0025
   -0.0004
   -0.0004
    0.0011
   -0.0017
   -0.0017
   -0.0007
   -0.0007


ans =

SDP:     t =0.01     Iter =21


ans =

    0.0106
   -0.0007
   -0.0007
   -0.0024
   -0.0024
   -0.0016
   -0.0016
   -0.0008
   -0.0008
   -0.0008


ans =

    0.0097
   -0.0025
   -0.0025
   -0.0004
   -0.0004
    0.0011
   -0.0017
   -0.0017
   -0.0007
   -0.0007


A_sparse_ret =

  Columns 1 through 9

         0    0.0019    0.0018    0.0018   -0.0142    0.0020    0.0028    0.0022    0.0015
    0.0012         0    0.0013    0.0012    0.0017    0.0013    0.0011    0.0013    0.0012
    0.0029    0.0018         0    0.0029    0.0042         0         0         0         0
         0    0.0023         0         0         0         0    0.0040         0    0.0017
    0.0016    0.0011    0.0011    0.0013         0         0    0.0012    0.0011    0.0012
    0.0028   -0.0030         0    0.0011    0.0042         0    0.0019         0    0.0013
    0.0011    0.0030    0.0012    0.0011    0.0014    0.0012         0    0.0012    0.0012
    0.0015         0    0.0014    0.0010    0.0019         0    0.0020         0    0.0015
         0    0.0023    0.0016         0         0    0.0016    0.0015    0.0013         0
         0    0.0027    0.0016    0.0018    0.0011    0.0022         0    0.0018         0

  Column 10

    0.0014
    0.0012
         0
         0
    0.0012
    0.0010
    0.0012
    0.0012
    0.0020
         0

[?1l>