[?1h=Warning: No window system found.  Java option 'MWT' ignored

                                  < M A T L A B (R) >
                        Copyright 1984-2010 The MathWorks, Inc.
                      Version 7.11.0.584 (R2010b) 64-bit (maci64)
                                    August 16, 2010

 
  To get started, type one of these: helpwin, helpdesk, or demo.
  For product information, visit www.mathworks.com.
 
[H[2J
t_vec =

    0.0050


ans =

UNSTABLE:     t =0.005     Iter =1


ans =

UNSTABLE:     t =0.005     Iter =2


ans =

SDP:     t =0.005     Iter =0


ans =

SDP:     t =0.005     Iter =1


ans =

    0.0175
   -0.0011
   -0.0011
   -0.0009
   -0.0009
   -0.0021
   -0.0021
   -0.0008
   -0.0008
   -0.0026


ans =

    0.0171
   -0.0012
   -0.0012
   -0.0011
   -0.0011
   -0.0023
   -0.0015
   -0.0015
   -0.0011
   -0.0011


ans =

SDP:     t =0.005     Iter =2


ans =

    0.0197
   -0.0012
   -0.0012
   -0.0009
   -0.0009
   -0.0008
   -0.0008
   -0.0032
   -0.0032
   -0.0028


ans =

    0.0194
   -0.0013
   -0.0013
   -0.0030
   -0.0030
   -0.0006
   -0.0006
   -0.0007
   -0.0007
   -0.0030


ans =

SDP:     t =0.005     Iter =3


ans =

    0.0196
   -0.0012
   -0.0012
   -0.0009
   -0.0009
   -0.0009
   -0.0009
   -0.0023
   -0.0035
   -0.0035


ans =

    0.0195
   -0.0013
   -0.0013
   -0.0031
   -0.0031
   -0.0006
   -0.0006
   -0.0006
   -0.0006
   -0.0031


ans =

SDP:     t =0.005     Iter =4


ans =

    0.0094
   -0.0010
   -0.0010
   -0.0023
   -0.0023
   -0.0009
   -0.0009
   -0.0019
   -0.0004
   -0.0007


ans =

    0.0082
   -0.0010
   -0.0010
   -0.0033
   -0.0033
   -0.0006
   -0.0006
    0.0007
   -0.0007
   -0.0007


ans =

SDP:     t =0.005     Iter =5


ans =

    0.0198
   -0.0012
   -0.0012
   -0.0009
   -0.0009
   -0.0008
   -0.0008
   -0.0032
   -0.0032
   -0.0027


ans =

    0.0198
   -0.0010
   -0.0010
   -0.0030
   -0.0030
   -0.0005
   -0.0005
   -0.0007
   -0.0007
   -0.0030


ans =

SDP:     t =0.005     Iter =6


ans =

    0.0195
   -0.0012
   -0.0012
   -0.0009
   -0.0009
   -0.0009
   -0.0009
   -0.0022
   -0.0035
   -0.0035


ans =

    0.0194
   -0.0015
   -0.0015
   -0.0010
   -0.0010
   -0.0005
   -0.0010
   -0.0031
   -0.0031
   -0.0029


ans =

SDP:     t =0.005     Iter =7


ans =

    0.0196
   -0.0012
   -0.0012
   -0.0009
   -0.0009
   -0.0009
   -0.0009
   -0.0020
   -0.0033
   -0.0040


ans =

    0.0195
   -0.0015
   -0.0015
   -0.0010
   -0.0010
   -0.0005
   -0.0011
   -0.0026
   -0.0032
   -0.0032


ans =

SDP:     t =0.005     Iter =8


ans =

    0.0196
   -0.0012
   -0.0012
   -0.0009
   -0.0009
   -0.0009
   -0.0009
   -0.0019
   -0.0041
   -0.0033


ans =

    0.0196
   -0.0015
   -0.0015
   -0.0010
   -0.0010
   -0.0005
   -0.0012
   -0.0025
   -0.0033
   -0.0033


ans =

SDP:     t =0.005     Iter =9


ans =

    0.0173
   -0.0012
   -0.0012
   -0.0009
   -0.0009
   -0.0007
   -0.0011
   -0.0020
   -0.0032
   -0.0032


ans =

    0.0168
   -0.0014
   -0.0014
   -0.0033
   -0.0033
    0.0003
   -0.0007
   -0.0007
   -0.0015
   -0.0029


ans =

SDP:     t =0.005     Iter =10


ans =

    0.0123
   -0.0009
   -0.0009
   -0.0011
   -0.0011
   -0.0015
   -0.0015
   -0.0018
   -0.0006
   -0.0008


ans =

    0.0112
   -0.0014
   -0.0014
   -0.0021
   -0.0021
    0.0000
    0.0000
   -0.0021
   -0.0012
   -0.0011


ans =

SDP:     t =0.005     Iter =11


ans =

    0.0197
   -0.0012
   -0.0012
   -0.0009
   -0.0009
   -0.0008
   -0.0008
   -0.0033
   -0.0033
   -0.0027


ans =

    0.0198
   -0.0010
   -0.0010
   -0.0031
   -0.0031
   -0.0006
   -0.0006
   -0.0007
   -0.0007
   -0.0030


ans =

SDP:     t =0.005     Iter =12


ans =

    0.0196
   -0.0012
   -0.0012
   -0.0009
   -0.0009
   -0.0009
   -0.0009
   -0.0023
   -0.0035
   -0.0035


ans =

    0.0195
   -0.0015
   -0.0015
   -0.0010
   -0.0010
   -0.0005
   -0.0010
   -0.0031
   -0.0031
   -0.0029


ans =

SDP:     t =0.005     Iter =13


ans =

    0.0196
   -0.0012
   -0.0012
   -0.0009
   -0.0009
   -0.0009
   -0.0009
   -0.0020
   -0.0033
   -0.0040


ans =

    0.0195
   -0.0015
   -0.0015
   -0.0010
   -0.0010
   -0.0005
   -0.0011
   -0.0026
   -0.0032
   -0.0032


ans =

SDP:     t =0.005     Iter =14


ans =

    0.0144
   -0.0009
   -0.0009
   -0.0011
   -0.0011
   -0.0015
   -0.0015
   -0.0006
   -0.0012
   -0.0021


ans =

    0.0136
   -0.0013
   -0.0013
   -0.0025
   -0.0025
   -0.0005
   -0.0005
   -0.0009
   -0.0009
   -0.0022


ans =

SDP:     t =0.005     Iter =15


ans =

    0.0141
   -0.0009
   -0.0009
   -0.0019
   -0.0019
   -0.0009
   -0.0009
   -0.0018
   -0.0006
   -0.0007


ans =

    0.0132
   -0.0012
   -0.0012
   -0.0025
   -0.0025
   -0.0002
   -0.0009
   -0.0009
   -0.0010
   -0.0017


ans =

SDP:     t =0.005     Iter =16


ans =

    0.0198
   -0.0012
   -0.0012
   -0.0009
   -0.0009
   -0.0008
   -0.0008
   -0.0033
   -0.0033
   -0.0028


ans =

    0.0199
   -0.0010
   -0.0010
   -0.0031
   -0.0031
   -0.0006
   -0.0006
   -0.0007
   -0.0007
   -0.0030


ans =

SDP:     t =0.005     Iter =17


ans =

    0.0195
   -0.0012
   -0.0012
   -0.0009
   -0.0009
   -0.0009
   -0.0009
   -0.0023
   -0.0035
   -0.0035


ans =

    0.0195
   -0.0015
   -0.0015
   -0.0010
   -0.0010
   -0.0005
   -0.0010
   -0.0030
   -0.0030
   -0.0030


ans =

SDP:     t =0.005     Iter =18


ans =

    0.0195
   -0.0012
   -0.0012
   -0.0009
   -0.0009
   -0.0009
   -0.0009
   -0.0020
   -0.0033
   -0.0040


ans =

    0.0194
   -0.0015
   -0.0015
   -0.0010
   -0.0010
   -0.0005
   -0.0011
   -0.0032
   -0.0032
   -0.0026


ans =

SDP:     t =0.005     Iter =19


ans =

    0.0195
   -0.0012
   -0.0012
   -0.0009
   -0.0009
   -0.0009
   -0.0009
   -0.0019
   -0.0041
   -0.0033


ans =

    0.0195
   -0.0015
   -0.0015
   -0.0010
   -0.0010
   -0.0005
   -0.0012
   -0.0025
   -0.0032
   -0.0032


ans =

SDP:     t =0.005     Iter =20


ans =

    0.0196
   -0.0012
   -0.0012
   -0.0009
   -0.0009
   -0.0010
   -0.0010
   -0.0018
   -0.0042
   -0.0032


ans =

    0.0195
   -0.0015
   -0.0015
   -0.0010
   -0.0010
   -0.0004
   -0.0012
   -0.0024
   -0.0033
   -0.0033


A_sparse_ret =

  Columns 1 through 9

         0    0.0048    0.0032    0.0027   -0.0135    0.0033    0.0025    0.0034    0.0026
    0.0021   -0.0011    0.0021    0.0021    0.0030    0.0021    0.0021    0.0020    0.0021
    0.0069    0.0023   -0.0011    0.0043    0.0103         0         0         0    0.0015
         0    0.0070         0         0         0    0.0036    0.0028    0.0032    0.0033
    0.0022    0.0018    0.0021    0.0021         0    0.0021    0.0021    0.0021    0.0021
    0.0044   -0.0043    0.0016    0.0014    0.0076         0    0.0022    0.0017    0.0023
    0.0025    0.0040    0.0031    0.0014    0.0032    0.0014    0.0016    0.0011    0.0016
    0.0014         0    0.0032    0.0012    0.0024    0.0013    0.0033    0.0014    0.0028
         0    0.0029    0.0032    0.0013         0    0.0028    0.0027    0.0019    0.0012
         0    0.0041    0.0025    0.0040         0    0.0041    0.0011    0.0033         0

  Column 10

    0.0024
    0.0021
    0.0011
         0
    0.0021
    0.0010
    0.0026
    0.0019
    0.0048
    0.0021

[?1l>