[?1h=Warning: No window system found.  Java option 'MWT' ignored

                                  < M A T L A B (R) >
                        Copyright 1984-2010 The MathWorks, Inc.
                      Version 7.11.0.584 (R2010b) 64-bit (maci64)
                                    August 16, 2010

 
  To get started, type one of these: helpwin, helpdesk, or demo.
  For product information, visit www.mathworks.com.
 
[H[2J
t_vec =

    0.0500


ans =

UNSTABLE:     t =0.05     Iter =1


ans =

UNSTABLE:     t =0.05     Iter =2


ans =

UNSTABLE:     t =0.05     Iter =3


ans =

SDP:     t =0.05     Iter =0


ans =

SDP:     t =0.05     Iter =1


ans =

SDP:     t =0.05     Iter =2


A_sparse_ret =

  Columns 1 through 9

    0.0019         0         0         0   -0.0122         0         0         0         0
         0         0         0         0         0         0         0         0         0
         0         0         0         0         0         0         0         0         0
         0         0         0         0         0         0         0         0         0
         0         0         0         0         0         0         0         0         0
         0         0         0         0         0         0         0         0         0
         0         0         0         0         0         0         0         0         0
         0         0         0         0         0         0         0         0         0
         0         0         0         0         0         0         0         0         0
         0         0         0         0         0         0         0         0         0

  Column 10

         0
         0
         0
         0
         0
         0
         0
         0
         0
         0

[?1l>